<?xml version="1.0" encoding="UTF-8"?>
<!-- Generated by org.testng.reporters.JUnitXMLReporter -->
<testsuite ignored="2" hostname="DESKTOP-1FVVE27" failures="0" tests="0" time="0.011" errors="0" timestamp="2024-12-26T21:31:36 CST">
  <testcase classname="FrameworkPractice.Tests.ErrorValidation" name="ProductErrorvalidation" time="0.0">
    <ignored/>
  </testcase> <!-- ProductErrorvalidation -->
  <testcase classname="FrameworkPractice.Tests.ErrorValidation" name="loginErrorvalidation" time="0.0">
    <ignored/>
  </testcase> <!-- loginErrorvalidation -->
</testsuite>
