<?xml version="1.0" encoding="UTF-8"?>
<!-- Generated by org.testng.reporters.JUnitXMLReporter -->
<testsuite ignored="1" hostname="DESKTOP-1FVVE27" failures="0" tests="2" name="StandAloneTest2" time="17.397" errors="0" timestamp="2024-12-26T21:31:54 CST">
  <testcase classname="FrameworkPractice.Tests.StandAloneTest2" name="StandAloneTest2" time="4.344"/>
  <testcase classname="FrameworkPractice.Tests.StandAloneTest2" name="StandAloneTest2" time="4.291"/>
  <testcase classname="FrameworkPractice.Tests.StandAloneTest2" name="orderhistory" time="0.0">
    <ignored/>
  </testcase> <!-- orderhistory -->
</testsuite> <!-- StandAloneTest2 -->
