<?xml version="1.0" encoding="UTF-8"?>
<!-- Generated by org.testng.reporters.JUnitXMLReporter -->
<testsuite ignored="0" hostname="DESKTOP-1FVVE27" failures="0" tests="2" name="Errorvalidation" time="15.765" errors="0" timestamp="2024-12-27T00:44:54 CST">
  <testcase classname="FrameworkPractice.Tests.ErrorValidation" name="ProductErrorvalidation" time="3.772"/>
  <testcase classname="FrameworkPractice.Tests.ErrorValidation" name="loginErrorvalidation" time="0.871"/>
</testsuite> <!-- Errorvalidation -->
