<?xml version="1.0" encoding="UTF-8"?>
<!-- Generated by org.testng.reporters.JUnitXMLReporter -->
<testsuite ignored="0" hostname="DESKTOP-1FVVE27" failures="0" tests="3" name="StandAloneTest2" time="23.662" errors="0" timestamp="2024-12-27T00:45:01 CST">
  <testcase classname="FrameworkPractice.Tests.StandAloneTest2" name="StandAloneTest2" time="4.799"/>
  <testcase classname="FrameworkPractice.Tests.StandAloneTest2" name="StandAloneTest2" time="4.548"/>
  <testcase classname="FrameworkPractice.Tests.StandAloneTest2" name="orderhistory" time="3.726"/>
</testsuite> <!-- StandAloneTest2 -->
