<?xml version="1.0" encoding="UTF-8"?>
<testng-results ignored="0" total="5" passed="5" failed="0" skipped="0">
  <reporter-output>
  </reporter-output>
  <suite started-at="2024-12-27T00:44:38 CST" name="Suite" finished-at="2024-12-27T00:45:01 CST" duration-ms="23662">
    <groups>
      <group name="errorhandling">
        <method signature="ErrorValidation.loginErrorvalidation()[pri:0, instance:FrameworkPractice.Tests.ErrorValidation@29d80d2b]" name="loginErrorvalidation" class="FrameworkPractice.Tests.ErrorValidation"/>
      </group> <!-- errorhandling -->
      <group name="purchase">
        <method signature="StandAloneTest2.StandAloneTest2(java.util.HashMap)[pri:0, instance:FrameworkPractice.Tests.StandAloneTest2@247310d0]" name="StandAloneTest2" class="FrameworkPractice.Tests.StandAloneTest2"/>
      </group> <!-- purchase -->
    </groups>
    <test started-at="2024-12-27T00:44:38 CST" name="Errorvalidation" finished-at="2024-12-27T00:44:53 CST" duration-ms="15765">
      <class name="FrameworkPractice.Tests.ErrorValidation">
        <test-method is-config="true" signature="launchApplication()[pri:0, instance:FrameworkPractice.Tests.ErrorValidation@29d80d2b]" started-at="2024-12-27T00:44:38 CST" name="launchApplication" finished-at="2024-12-27T00:44:42 CST" duration-ms="4674" status="PASS">
          <reporter-output>
          </reporter-output>
        </test-method> <!-- launchApplication -->
        <test-method signature="ProductErrorvalidation()[pri:0, instance:FrameworkPractice.Tests.ErrorValidation@29d80d2b]" started-at="2024-12-27T00:44:42 CST" name="ProductErrorvalidation" finished-at="2024-12-27T00:44:46 CST" duration-ms="3772" status="PASS">
          <reporter-output>
          </reporter-output>
        </test-method> <!-- ProductErrorvalidation -->
        <test-method is-config="true" signature="tearDown()[pri:0, instance:FrameworkPractice.Tests.ErrorValidation@29d80d2b]" started-at="2024-12-27T00:44:46 CST" name="tearDown" finished-at="2024-12-27T00:44:46 CST" duration-ms="146" status="PASS">
          <reporter-output>
          </reporter-output>
        </test-method> <!-- tearDown -->
        <test-method is-config="true" signature="launchApplication()[pri:0, instance:FrameworkPractice.Tests.ErrorValidation@29d80d2b]" started-at="2024-12-27T00:44:46 CST" name="launchApplication" finished-at="2024-12-27T00:44:52 CST" duration-ms="6142" status="PASS">
          <reporter-output>
          </reporter-output>
        </test-method> <!-- launchApplication -->
        <test-method signature="loginErrorvalidation()[pri:0, instance:FrameworkPractice.Tests.ErrorValidation@29d80d2b]" started-at="2024-12-27T00:44:52 CST" name="loginErrorvalidation" finished-at="2024-12-27T00:44:53 CST" duration-ms="871" status="PASS">
          <reporter-output>
          </reporter-output>
        </test-method> <!-- loginErrorvalidation -->
        <test-method is-config="true" signature="tearDown()[pri:0, instance:FrameworkPractice.Tests.ErrorValidation@29d80d2b]" started-at="2024-12-27T00:44:53 CST" name="tearDown" finished-at="2024-12-27T00:44:53 CST" duration-ms="115" status="PASS">
          <reporter-output>
          </reporter-output>
        </test-method> <!-- tearDown -->
      </class> <!-- FrameworkPractice.Tests.ErrorValidation -->
    </test> <!-- Errorvalidation -->
    <test started-at="2024-12-27T00:44:38 CST" name="StandAloneTest2" finished-at="2024-12-27T00:45:01 CST" duration-ms="23662">
      <class name="FrameworkPractice.Tests.StandAloneTest2">
        <test-method is-config="true" signature="launchApplication()[pri:0, instance:FrameworkPractice.Tests.StandAloneTest2@247310d0]" started-at="2024-12-27T00:44:38 CST" name="launchApplication" finished-at="2024-12-27T00:44:42 CST" duration-ms="4497" status="PASS">
          <reporter-output>
          </reporter-output>
        </test-method> <!-- launchApplication -->
        <test-method signature="StandAloneTest2(java.util.HashMap)[pri:0, instance:FrameworkPractice.Tests.StandAloneTest2@247310d0]" started-at="2024-12-27T00:44:42 CST" name="StandAloneTest2" data-provider="getData" finished-at="2024-12-27T00:44:47 CST" duration-ms="4799" status="PASS">
          <params>
            <param index="0">
              <value>
                <![CDATA[{password=Gavdabhesi123!@, ProductName=IPHONE 13 PRO, email=taramatirmn@gmail.com}]]>
              </value>
            </param>
          </params>
          <reporter-output>
          </reporter-output>
        </test-method> <!-- StandAloneTest2 -->
        <test-method is-config="true" signature="tearDown()[pri:0, instance:FrameworkPractice.Tests.StandAloneTest2@247310d0]" started-at="2024-12-27T00:44:47 CST" name="tearDown" finished-at="2024-12-27T00:44:47 CST" duration-ms="66" status="PASS">
          <reporter-output>
          </reporter-output>
        </test-method> <!-- tearDown -->
        <test-method is-config="true" signature="launchApplication()[pri:0, instance:FrameworkPractice.Tests.StandAloneTest2@247310d0]" started-at="2024-12-27T00:44:47 CST" name="launchApplication" finished-at="2024-12-27T00:44:51 CST" duration-ms="3887" status="PASS">
          <reporter-output>
          </reporter-output>
        </test-method> <!-- launchApplication -->
        <test-method signature="StandAloneTest2(java.util.HashMap)[pri:0, instance:FrameworkPractice.Tests.StandAloneTest2@247310d0]" started-at="2024-12-27T00:44:51 CST" name="StandAloneTest2" data-provider="getData" finished-at="2024-12-27T00:44:56 CST" duration-ms="4548" status="PASS">
          <params>
            <param index="0">
              <value>
                <![CDATA[{password=Gavdabhesi123!@, ProductName=ADIDAS ORIGINAL, email=naiktara1994@gmail.com}]]>
              </value>
            </param>
          </params>
          <reporter-output>
          </reporter-output>
        </test-method> <!-- StandAloneTest2 -->
        <test-method is-config="true" signature="tearDown()[pri:0, instance:FrameworkPractice.Tests.StandAloneTest2@247310d0]" started-at="2024-12-27T00:44:56 CST" name="tearDown" finished-at="2024-12-27T00:44:56 CST" duration-ms="124" status="PASS">
          <reporter-output>
          </reporter-output>
        </test-method> <!-- tearDown -->
        <test-method is-config="true" signature="launchApplication()[pri:0, instance:FrameworkPractice.Tests.StandAloneTest2@247310d0]" started-at="2024-12-27T00:44:56 CST" name="launchApplication" finished-at="2024-12-27T00:44:58 CST" duration-ms="1711" status="PASS">
          <reporter-output>
          </reporter-output>
        </test-method> <!-- launchApplication -->
        <test-method signature="orderhistory()[pri:0, instance:FrameworkPractice.Tests.StandAloneTest2@247310d0]" started-at="2024-12-27T00:44:58 CST" name="orderhistory" finished-at="2024-12-27T00:45:01 CST" depends-on-methods="FrameworkPractice.Tests.StandAloneTest2.StandAloneTest2" duration-ms="3726" status="PASS">
          <reporter-output>
          </reporter-output>
        </test-method> <!-- orderhistory -->
        <test-method is-config="true" signature="tearDown()[pri:0, instance:FrameworkPractice.Tests.StandAloneTest2@247310d0]" started-at="2024-12-27T00:45:01 CST" name="tearDown" finished-at="2024-12-27T00:45:01 CST" duration-ms="67" status="PASS">
          <reporter-output>
          </reporter-output>
        </test-method> <!-- tearDown -->
      </class> <!-- FrameworkPractice.Tests.StandAloneTest2 -->
    </test> <!-- StandAloneTest2 -->
  </suite> <!-- Suite -->
</testng-results>
